<?xml version="1.0" encoding="UTF-8"?>
<!-- Generated by org.testng.reporters.JUnitReportReporter -->
<testsuite hostname="CTAADPG02X3FK" failures="0" tests="1" name="TestNGExample.TS_TNG_LaunchGoogle" time="2.027" errors="0" timestamp="2023-05-02T10:50:38 IST" skipped="0">
  <testcase classname="TestNGExample.TS_TNG_LaunchGoogle" name="verifytitle" time="2.027"/>
  <system-out/>
</testsuite> <!-- TestNGExample.TS_TNG_LaunchGoogle -->
